[debug] [2022-12-20T17:46:02.706Z] ----------------------------------------------------------------------
[debug] [2022-12-20T17:46:02.707Z] Command:       C:\Program Files\nodejs\node.exe C:\Users\are_o\AppData\Roaming\npm\node_modules\firebase-tools\lib\bin\firebase.js login
[debug] [2022-12-20T17:46:02.708Z] CLI Version:   11.19.0
[debug] [2022-12-20T17:46:02.708Z] Platform:      win32
[debug] [2022-12-20T17:46:02.708Z] Node Version:  v18.7.0
[debug] [2022-12-20T17:46:02.709Z] Time:          Tue Dec 20 2022 18:46:02 GMT+0100 (sentraleuropeisk normaltid)
[debug] [2022-12-20T17:46:02.709Z] ----------------------------------------------------------------------
[debug] 
[info] i  Firebase optionally collects CLI and Emulator Suite usage and error reporting information to help improve our products. Data is collected in accordance with Google's privacy policy (https://policies.google.com/privacy) and is not used to identify you.
 
[info] 
[info] Visit this URL on this device to log in:
[info] https://accounts.google.com/o/oauth2/auth?client_id=563584335869-fgrhgmd47bqnekij5i8b5pr03ho849e6.apps.googleusercontent.com&scope=email%20openid%20https%3A%2F%2Fwww.googleapis.com%2Fauth%2Fcloudplatformprojects.readonly%20https%3A%2F%2Fwww.googleapis.com%2Fauth%2Ffirebase%20https%3A%2F%2Fwww.googleapis.com%2Fauth%2Fcloud-platform&response_type=code&state=969155256&redirect_uri=http%3A%2F%2Flocalhost%3A9005
[info] 
[info] Waiting for authentication...
[debug] [2022-12-20T17:49:43.049Z] ----------------------------------------------------------------------
[debug] [2022-12-20T17:49:43.050Z] Command:       C:\Program Files\nodejs\node.exe C:\Users\are_o\AppData\Roaming\npm\node_modules\firebase-tools\lib\bin\firebase.js login
[debug] [2022-12-20T17:49:43.051Z] CLI Version:   11.19.0
[debug] [2022-12-20T17:49:43.051Z] Platform:      win32
[debug] [2022-12-20T17:49:43.051Z] Node Version:  v18.7.0
[debug] [2022-12-20T17:49:43.052Z] Time:          Tue Dec 20 2022 18:49:43 GMT+0100 (sentraleuropeisk normaltid)
[debug] [2022-12-20T17:49:43.052Z] ----------------------------------------------------------------------
[debug] 
[info] i  Firebase optionally collects CLI and Emulator Suite usage and error reporting information to help improve our products. Data is collected in accordance with Google's privacy policy (https://policies.google.com/privacy) and is not used to identify you.
 
[info] 
[info] Visit this URL on this device to log in:
[info] https://accounts.google.com/o/oauth2/auth?client_id=563584335869-fgrhgmd47bqnekij5i8b5pr03ho849e6.apps.googleusercontent.com&scope=email%20openid%20https%3A%2F%2Fwww.googleapis.com%2Fauth%2Fcloudplatformprojects.readonly%20https%3A%2F%2Fwww.googleapis.com%2Fauth%2Ffirebase%20https%3A%2F%2Fwww.googleapis.com%2Fauth%2Fcloud-platform&response_type=code&state=369072845&redirect_uri=http%3A%2F%2Flocalhost%3A9005
[info] 
[info] Waiting for authentication...
